<?xml version="1.0" encoding="UTF-8"?>
<!-- Generated by org.testng.reporters.JUnitReportReporter -->
<testsuite hostname="TYC1121225" failures="0" tests="3" name="testNg.Disable" time="0.019" errors="0" timestamp="2023-07-11T12:33:14 IST" skipped="1">
  <testcase classname="testNg.Disable" name="login" time="0.018"/>
  <system-out/>
  <testcase classname="testNg.Disable" name="logout" time="0.001"/>
  <system-out/>
  <testcase classname="testNg.Disable" name="verifyHomePage">
    <skipped/>
  </testcase> <!-- verifyHomePage -->
  <system-out/>
</testsuite> <!-- testNg.Disable -->
