<?xml version="1.0" encoding="UTF-8"?>
<!-- Generated by org.testng.reporters.JUnitReportReporter -->
<testsuite hostname="TYC1121225" failures="0" tests="4" name="testNg.Priority" time="0.030" errors="0" timestamp="2023-07-11T12:28:30 IST" skipped="0">
  <testcase classname="testNg.Priority" name="jyoti" time="0.020"/>
  <system-out/>
  <testcase classname="testNg.Priority" name="vineet" time="0.004"/>
  <system-out/>
  <testcase classname="testNg.Priority" name="akash" time="0.004"/>
  <system-out/>
  <testcase classname="testNg.Priority" name="pankaj" time="0.002"/>
  <system-out/>
</testsuite> <!-- testNg.Priority -->
