<?xml version="1.0" encoding="UTF-8"?>
<!-- Generated by org.testng.reporters.JUnitReportReporter -->
<testsuite hostname="TYC1121225" failures="0" tests="5" name="testNg.InvocationCount" time="0.010" errors="0" timestamp="2023-07-11T12:50:13 IST" skipped="0">
  <testcase classname="testNg.InvocationCount" name="login" time="0.000"/>
  <system-out/>
  <testcase classname="testNg.InvocationCount" name="login" time="0.006"/>
  <system-out/>
  <testcase classname="testNg.InvocationCount" name="login" time="0.001"/>
  <system-out/>
  <testcase classname="testNg.InvocationCount" name="verifyHomePage" time="0.002"/>
  <system-out/>
  <testcase classname="testNg.InvocationCount" name="logout" time="0.001"/>
  <system-out/>
</testsuite> <!-- testNg.InvocationCount -->
