<?xml version="1.0" encoding="UTF-8"?>
<!-- Generated by org.testng.reporters.JUnitReportReporter -->
<testsuite hostname="TYC1121225" failures="0" tests="3" name="testNg.MultipleData" time="0.006" errors="0" timestamp="2023-07-11T13:02:29 IST" skipped="0">
  <testcase classname="testNg.MultipleData" name="demo" time="0.000"/>
  <system-out/>
  <testcase classname="testNg.MultipleData" name="demo" time="0.005"/>
  <system-out/>
  <testcase classname="testNg.MultipleData" name="demo" time="0.001"/>
  <system-out/>
</testsuite> <!-- testNg.MultipleData -->
